#
# There is insufficient memory for the Java Runtime Environment to continue.
# Native memory allocation (malloc) failed to allocate 1003056 bytes for Chunk::new
# Possible reasons:
#   The system is out of physical RAM or swap space
#   The process is running with CompressedOops enabled, and the Java Heap may be blocking the growth of the native heap
# Possible solutions:
#   Reduce memory load on the system
#   Increase physical memory or swap space
#   Check if swap backing store is full
#   Decrease Java heap size (-Xmx/-Xms)
#   Decrease number of Java threads
#   Decrease Java thread stack sizes (-Xss)
#   Set larger code cache with -XX:ReservedCodeCacheSize=
#   JVM is running with Unscaled Compressed Oops mode in which the Java heap is
#     placed in the first 4GB address space. The Java Heap base address is the
#     maximum limit for the native heap growth. Please use -XX:HeapBaseMinAddress
#     to set the Java Heap base and to place the Java Heap above 4GB virtual address.
# This output file may be truncated or incomplete.
#
#  Out of Memory Error (allocation.cpp:389), pid=12620, tid=0x00000000000023ac
#
# JRE version: OpenJDK Runtime Environment (8.0_212-b04) (build 1.8.0_212-release-1586-b04)
# Java VM: OpenJDK 64-Bit Server VM (25.212-b04 mixed mode windows-amd64 compressed oops)
# Failed to write core dump. Minidumps are not enabled by default on client versions of Windows
#

---------------  T H R E A D  ---------------

Current thread (0x0000000019ae4800):  JavaThread "C2 CompilerThread0" daemon [_thread_in_native, id=9132, stack(0x000000001a3b0000,0x000000001a4b0000)]

Stack: [0x000000001a3b0000,0x000000001a4b0000]
[error occurred during error reporting (printing stack bounds), id 0xc0000005]

Native frames: (J=compiled Java code, j=interpreted, Vv=VM code, C=native code)


Current CompileTask:
C2:   3978 2741       4       org.jetbrains.kotlin.parsing.SemanticWhitespaceAwarePsiBuilderImpl::advanceLexer (56 bytes)


---------------  P R O C E S S  ---------------

Java Threads: ( => current thread )
  0x0000000019b7f000 JavaThread "Service Thread" daemon [_thread_blocked, id=8376, stack(0x000000001a7b0000,0x000000001a8b0000)]
  0x0000000019b11000 JavaThread "C1 CompilerThread3" daemon [_thread_blocked, id=1408, stack(0x000000001a6b0000,0x000000001a7b0000)]
  0x0000000017ced800 JavaThread "C2 CompilerThread2" daemon [_thread_in_native, id=6040, stack(0x000000001a5b0000,0x000000001a6b0000)]
  0x0000000019ae7800 JavaThread "C2 CompilerThread1" daemon [_thread_in_native, id=2044, stack(0x000000001a4b0000,0x000000001a5b0000)]
=>0x0000000019ae4800 JavaThread "C2 CompilerThread0" daemon [_thread_in_native, id=9132, stack(0x000000001a3b0000,0x000000001a4b0000)]
  0x0000000019ae3000 JavaThread "Attach Listener" daemon [_thread_blocked, id=12084, stack(0x000000001a2b0000,0x000000001a3b0000)]
  0x0000000019ae0000 JavaThread "Signal Dispatcher" daemon [_thread_blocked, id=16332, stack(0x000000001a1b0000,0x000000001a2b0000)]
  0x0000000017ce2000 JavaThread "Finalizer" daemon [_thread_blocked, id=9532, stack(0x0000000019fb0000,0x000000001a0b0000)]
  0x0000000019ad0800 JavaThread "Reference Handler" daemon [_thread_blocked, id=15804, stack(0x0000000019eb0000,0x0000000019fb0000)]
  0x0000000002bf9800 JavaThread "main" [_thread_in_vm, id=16228, stack(0x0000000002af0000,0x0000000002bf0000)]

Other Threads:
  0x0000000017cd4800 VMThread [stack: 0x00000000199b0000,0x0000000019ab0000] [id=9224]
  0x0000000019b88000 WatcherThread [stack: 0x000000001a8b0000,0x000000001a9b0000] [id=13440]

VM state:not at safepoint (normal execution)

VM Mutex/Monitor currently owned by a thread:  ([mutex/lock_event])
[0x0000000002bf59a0] SystemDictionary_lock - owner thread: 0x0000000000000000
[0x0000000002bf69b0] Compile_lock - owner thread: 0x0000000000000000

heap address: 0x0000000081400000, size: 2028 MB, Compressed Oops mode: 32-bit
Narrow klass base: 0x0000000000000000, Narrow klass shift: 3
Compressed class space size: 1073741824 Address: 0x0000000100000000

Heap:
 PSYoungGen      total 53760K, used 12956K [0x00000000d5c00000, 0x00000000da700000, 0x0000000100000000)
  eden space 48640K, 16% used [0x00000000d5c00000,0x00000000d63ae9b0,0x00000000d8b80000)
  from space 5120K, 99% used [0x00000000d9d00000,0x00000000da1f8918,0x00000000da200000)
  to   space 5120K, 0% used [0x00000000da200000,0x00000000da200000,0x00000000da700000)
 ParOldGen       total 65536K, used 22942K [0x0000000081400000, 0x0000000085400000, 0x00000000d5c00000)
  object space 65536K, 35% used [0x0000000081400000,0x0000000082a67b20,0x0000000085400000)
 Metaspace       used 34090K, capacity 34596K, committed 34816K, reserved 1079296K
  class space    used 4344K, capacity 4491K, committed 4608K, reserved 1048576K

Card table byte_map: [0x00000000120b0000,0x00000000124b0000] byte_map_base: 0x0000000011ca6000

Marking Bits: (ParMarkBitMap*) 0x0000000067199f30
 Begin Bits: [0x0000000012f60000, 0x0000000014f10000)
 End Bits:   [0x0000000014f10000, 0x0000000016ec0000)

Polling page: 0x0000000000f00000

CodeCache: size=245760Kb used=8467Kb max_used=8481Kb free=237292Kb
 bounds [0x0000000002cf0000, 0x0000000003550000, 0x0000000011cf0000]
 total_blobs=3238 nmethods=2809 adapters=342
 compilation: enabled

Compilation events (10 events):
Event: 3.959 Thread 0x0000000019b11000 2810       3       gnu.trove.THash::<init> (31 bytes)
Event: 3.959 Thread 0x0000000019b11000 nmethod 2810 0x0000000003536c90 code [0x0000000003536e00, 0x0000000003537108]
Event: 3.959 Thread 0x0000000019b11000 2813       3       org.jetbrains.kotlin.parsing.KotlinParsing::parseModifierList (24 bytes)
Event: 3.959 Thread 0x0000000019b11000 nmethod 2813 0x00000000035371d0 code [0x0000000003537380, 0x0000000003537788]
Event: 3.959 Thread 0x0000000019b11000 2814       3       org.jetbrains.kotlin.com.intellij.psi.impl.source.SourceTreeToPsiMap::treeElementToPsi (15 bytes)
Event: 3.960 Thread 0x0000000019b11000 nmethod 2814 0x0000000003537910 code [0x0000000003537a80, 0x0000000003537cc8]
Event: 3.964 Thread 0x0000000019b11000 2815       3       jdk.internal.org.objectweb.asm.ClassWriter::addType (103 bytes)
Event: 3.964 Thread 0x0000000019b11000 nmethod 2815 0x0000000003537d90 code [0x0000000003537f40, 0x0000000003538568]
Event: 3.975 Thread 0x0000000019ae7800 nmethod 2785 0x000000000353c810 code [0x000000000353c9e0, 0x000000000353de18]
Event: 3.975 Thread 0x0000000019ae7800 2799       4       org.jetbrains.kotlin.com.intellij.psi.impl.source.tree.TreeElement::rawRemoveUpToWithoutNotifications (247 bytes)

GC Heap History (10 events):
Event: 1.607 GC heap before
{Heap before GC invocations=2 (full 0):
 PSYoungGen      total 38400K, used 38398K [0x00000000d5c00000, 0x00000000d8680000, 0x0000000100000000)
  eden space 33280K, 100% used [0x00000000d5c00000,0x00000000d7c80000,0x00000000d7c80000)
  from space 5120K, 99% used [0x00000000d7c80000,0x00000000d817f8b8,0x00000000d8180000)
  to   space 5120K, 0% used [0x00000000d8180000,0x00000000d8180000,0x00000000d8680000)
 ParOldGen       total 87552K, used 2707K [0x0000000081400000, 0x0000000086980000, 0x00000000d5c00000)
  object space 87552K, 3% used [0x0000000081400000,0x00000000816a4da8,0x0000000086980000)
 Metaspace       used 16090K, capacity 16432K, committed 16640K, reserved 1064960K
  class space    used 1897K, capacity 1990K, committed 2048K, reserved 1048576K
Event: 1.617 GC heap after
Heap after GC invocations=2 (full 0):
 PSYoungGen      total 38400K, used 5103K [0x00000000d5c00000, 0x00000000da700000, 0x0000000100000000)
  eden space 33280K, 0% used [0x00000000d5c00000,0x00000000d5c00000,0x00000000d7c80000)
  from space 5120K, 99% used [0x00000000d8180000,0x00000000d867bc10,0x00000000d8680000)
  to   space 5120K, 0% used [0x00000000d7c80000,0x00000000d7c80000,0x00000000d8180000)
 ParOldGen       total 87552K, used 7668K [0x0000000081400000, 0x0000000086980000, 0x00000000d5c00000)
  object space 87552K, 8% used [0x0000000081400000,0x0000000081b7d2e8,0x0000000086980000)
 Metaspace       used 16090K, capacity 16432K, committed 16640K, reserved 1064960K
  class space    used 1897K, capacity 1990K, committed 2048K, reserved 1048576K
}
Event: 1.959 GC heap before
{Heap before GC invocations=3 (full 0):
 PSYoungGen      total 38400K, used 20718K [0x00000000d5c00000, 0x00000000da700000, 0x0000000100000000)
  eden space 33280K, 46% used [0x00000000d5c00000,0x00000000d6b3ff40,0x00000000d7c80000)
  from space 5120K, 99% used [0x00000000d8180000,0x00000000d867bc10,0x00000000d8680000)
  to   space 5120K, 0% used [0x00000000d7c80000,0x00000000d7c80000,0x00000000d8180000)
 ParOldGen       total 87552K, used 7668K [0x0000000081400000, 0x0000000086980000, 0x00000000d5c00000)
  object space 87552K, 8% used [0x0000000081400000,0x0000000081b7d2e8,0x0000000086980000)
 Metaspace       used 20723K, capacity 21152K, committed 21296K, reserved 1069056K
  class space    used 2460K, capacity 2628K, committed 2688K, reserved 1048576K
Event: 1.966 GC heap after
Heap after GC invocations=3 (full 0):
 PSYoungGen      total 38400K, used 5107K [0x00000000d5c00000, 0x00000000da700000, 0x0000000100000000)
  eden space 33280K, 0% used [0x00000000d5c00000,0x00000000d5c00000,0x00000000d7c80000)
  from space 5120K, 99% used [0x00000000d7c80000,0x00000000d817cc40,0x00000000d8180000)
  to   space 5120K, 0% used [0x00000000da200000,0x00000000da200000,0x00000000da700000)
 ParOldGen       total 87552K, used 11246K [0x0000000081400000, 0x0000000086980000, 0x00000000d5c00000)
  object space 87552K, 12% used [0x0000000081400000,0x0000000081efba48,0x0000000086980000)
 Metaspace       used 20723K, capacity 21152K, committed 21296K, reserved 1069056K
  class space    used 2460K, capacity 2628K, committed 2688K, reserved 1048576K
}
Event: 1.966 GC heap before
{Heap before GC invocations=4 (full 1):
 PSYoungGen      total 38400K, used 5107K [0x00000000d5c00000, 0x00000000da700000, 0x0000000100000000)
  eden space 33280K, 0% used [0x00000000d5c00000,0x00000000d5c00000,0x00000000d7c80000)
  from space 5120K, 99% used [0x00000000d7c80000,0x00000000d817cc40,0x00000000d8180000)
  to   space 5120K, 0% used [0x00000000da200000,0x00000000da200000,0x00000000da700000)
 ParOldGen       total 87552K, used 11246K [0x0000000081400000, 0x0000000086980000, 0x00000000d5c00000)
  object space 87552K, 12% used [0x0000000081400000,0x0000000081efba48,0x0000000086980000)
 Metaspace       used 20723K, capacity 21152K, committed 21296K, reserved 1069056K
  class space    used 2460K, capacity 2628K, committed 2688K, reserved 1048576K
Event: 2.000 GC heap after
Heap after GC invocations=4 (full 1):
 PSYoungGen      total 38400K, used 0K [0x00000000d5c00000, 0x00000000da700000, 0x0000000100000000)
  eden space 33280K, 0% used [0x00000000d5c00000,0x00000000d5c00000,0x00000000d7c80000)
  from space 5120K, 0% used [0x00000000d7c80000,0x00000000d7c80000,0x00000000d8180000)
  to   space 5120K, 0% used [0x00000000da200000,0x00000000da200000,0x00000000da700000)
 ParOldGen       total 65536K, used 8515K [0x0000000081400000, 0x0000000085400000, 0x00000000d5c00000)
  object space 65536K, 12% used [0x0000000081400000,0x0000000081c50c50,0x0000000085400000)
 Metaspace       used 20723K, capacity 21152K, committed 21296K, reserved 1069056K
  class space    used 2460K, capacity 2628K, committed 2688K, reserved 1048576K
}
Event: 2.672 GC heap before
{Heap before GC invocations=5 (full 1):
 PSYoungGen      total 38400K, used 33280K [0x00000000d5c00000, 0x00000000da700000, 0x0000000100000000)
  eden space 33280K, 100% used [0x00000000d5c00000,0x00000000d7c80000,0x00000000d7c80000)
  from space 5120K, 0% used [0x00000000d7c80000,0x00000000d7c80000,0x00000000d8180000)
  to   space 5120K, 0% used [0x00000000da200000,0x00000000da200000,0x00000000da700000)
 ParOldGen       total 65536K, used 8515K [0x0000000081400000, 0x0000000085400000, 0x00000000d5c00000)
  object space 65536K, 12% used [0x0000000081400000,0x0000000081c50c50,0x0000000085400000)
 Metaspace       used 24110K, capacity 24592K, committed 24832K, reserved 1071104K
  class space    used 2891K, capacity 3058K, committed 3072K, reserved 1048576K
Event: 2.682 GC heap after
Heap after GC invocations=5 (full 1):
 PSYoungGen      total 53760K, used 5118K [0x00000000d5c00000, 0x00000000da700000, 0x0000000100000000)
  eden space 48640K, 0% used [0x00000000d5c00000,0x00000000d5c00000,0x00000000d8b80000)
  from space 5120K, 99% used [0x00000000da200000,0x00000000da6ffad8,0x00000000da700000)
  to   space 5120K, 0% used [0x00000000d9d00000,0x00000000d9d00000,0x00000000da200000)
 ParOldGen       total 65536K, used 10789K [0x0000000081400000, 0x0000000085400000, 0x00000000d5c00000)
  object space 65536K, 16% used [0x0000000081400000,0x0000000081e89768,0x0000000085400000)
 Metaspace       used 24110K, capacity 24592K, committed 24832K, reserved 1071104K
  class space    used 2891K, capacity 3058K, committed 3072K, reserved 1048576K
}
Event: 3.671 GC heap before
{Heap before GC invocations=6 (full 1):
 PSYoungGen      total 53760K, used 53758K [0x00000000d5c00000, 0x00000000da700000, 0x0000000100000000)
  eden space 48640K, 100% used [0x00000000d5c00000,0x00000000d8b80000,0x00000000d8b80000)
  from space 5120K, 99% used [0x00000000da200000,0x00000000da6ffad8,0x00000000da700000)
  to   space 5120K, 0% used [0x00000000d9d00000,0x00000000d9d00000,0x00000000da200000)
 ParOldGen       total 65536K, used 10789K [0x0000000081400000, 0x0000000085400000, 0x00000000d5c00000)
  object space 65536K, 16% used [0x0000000081400000,0x0000000081e89768,0x0000000085400000)
 Metaspace       used 32753K, capacity 33222K, committed 33408K, reserved 1079296K
  class space    used 4231K, capacity 4382K, committed 4480K, reserved 1048576K
Event: 3.684 GC heap after
Heap after GC invocations=6 (full 1):
 PSYoungGen      total 53760K, used 5090K [0x00000000d5c00000, 0x00000000da700000, 0x0000000100000000)
  eden space 48640K, 0% used [0x00000000d5c00000,0x00000000d5c00000,0x00000000d8b80000)
  from space 5120K, 99% used [0x00000000d9d00000,0x00000000da1f8918,0x00000000da200000)
  to   space 5120K, 0% used [0x00000000da200000,0x00000000da200000,0x00000000da700000)
 ParOldGen       total 65536K, used 22942K [0x0000000081400000, 0x0000000085400000, 0x00000000d5c00000)
  object space 65536K, 35% used [0x0000000081400000,0x0000000082a67b20,0x0000000085400000)
 Metaspace       used 32753K, capacity 33222K, committed 33408K, reserved 1079296K
  class space    used 4231K, capacity 4382K, committed 4480K, reserved 1048576K
}

Deoptimization events (10 events):
Event: 3.558 Thread 0x0000000002bf9800 Uncommon trap: reason=unstable_if action=reinterpret pc=0x0000000002f4b0e0 method=sun.net.www.ParseUtil.encodePath(Ljava/lang/String;Z)Ljava/lang/String; @ 81
Event: 3.593 Thread 0x0000000002bf9800 Uncommon trap: reason=class_check action=maybe_recompile pc=0x00000000031dfa34 method=org.jetbrains.kotlin.com.intellij.util.text.ByteArrayCharSequence.toBytesIfPossible(Ljava/lang/CharSequence;)[B @ 16
Event: 3.812 Thread 0x0000000002bf9800 Uncommon trap: reason=class_check action=maybe_recompile pc=0x00000000031dfa34 method=org.jetbrains.kotlin.com.intellij.util.text.ByteArrayCharSequence.toBytesIfPossible(Ljava/lang/CharSequence;)[B @ 16
Event: 3.812 Thread 0x0000000002bf9800 Uncommon trap: reason=unstable_if action=reinterpret pc=0x000000000344b218 method=org.jetbrains.kotlin.com.intellij.util.text.ImmutableText.charAt(I)C @ 6
Event: 3.826 Thread 0x0000000002bf9800 Uncommon trap: reason=class_check action=maybe_recompile pc=0x00000000031dfa34 method=org.jetbrains.kotlin.com.intellij.util.text.ByteArrayCharSequence.toBytesIfPossible(Ljava/lang/CharSequence;)[B @ 16
Event: 3.826 Thread 0x0000000002bf9800 Uncommon trap: reason=unstable_if action=reinterpret pc=0x000000000347a9f0 method=org.jetbrains.kotlin.com.intellij.util.text.ImmutableText.charAt(I)C @ 6
Event: 3.830 Thread 0x0000000002bf9800 Uncommon trap: reason=unstable_if action=reinterpret pc=0x00000000034a3e28 method=org.jetbrains.kotlin.parsing.SemanticWhitespaceAwarePsiBuilderImpl.getJoinedTokenType(Lorg/jetbrains/kotlin/com/intellij/psi/tree/IElementType;I)Lorg/jetbrains/kotlin/com/in
Event: 3.830 Thread 0x0000000002bf9800 Uncommon trap: reason=unstable_if action=reinterpret pc=0x0000000003493c60 method=org.jetbrains.kotlin.parsing.SemanticWhitespaceAwarePsiBuilderImpl.getJoinedTokenType(Lorg/jetbrains/kotlin/com/intellij/psi/tree/IElementType;I)Lorg/jetbrains/kotlin/com/in
Event: 3.844 Thread 0x0000000002bf9800 Uncommon trap: reason=class_check action=maybe_recompile pc=0x00000000031dfa34 method=org.jetbrains.kotlin.com.intellij.util.text.ByteArrayCharSequence.toBytesIfPossible(Ljava/lang/CharSequence;)[B @ 16
Event: 3.857 Thread 0x0000000002bf9800 Uncommon trap: reason=unstable_if action=reinterpret pc=0x00000000034ce22c method=org.jetbrains.kotlin.com.intellij.lang.impl.PsiBuilderImpl.skipWhitespace()V @ 51

Classes redefined (0 events):
No events

Internal exceptions (10 events):
Event: 1.579 Thread 0x0000000002bf9800 Exception <a 'java/lang/NoSuchMethodError': java.lang.Object.lambda$comparing$77a9974f$1(Ljava/util/function/Function;Ljava/lang/Object;Ljava/lang/Object;)I> (0x00000000d7af3da8) thrown at [D:\src\AOSP-openjdk-cygwin\jdk8u\hotspot\src\share\vm\interpreter
Event: 1.596 Thread 0x0000000002bf9800 Exception <a 'java/lang/NoSuchMethodError': java.lang.Object.lambda$static$0()J> (0x00000000d7bf1c10) thrown at [D:\src\AOSP-openjdk-cygwin\jdk8u\hotspot\src\share\vm\interpreter\linkResolver.cpp, line 620]
Event: 1.793 Thread 0x0000000002bf9800 Exception <a 'java/lang/NoSuchMethodError': java.lang.Object.lambda$static$0(I)[Lorg/jetbrains/kotlin/com/intellij/openapi/editor/event/DocumentListener;> (0x00000000d6322060) thrown at [D:\src\AOSP-openjdk-cygwin\jdk8u\hotspot\src\share\vm\interpreter\li
Event: 1.832 Thread 0x0000000002bf9800 Exception <a 'java/lang/NoSuchMethodError': java.lang.Object.lambda$static$0(I)[Lorg/jetbrains/kotlin/com/intellij/psi/PsiAnnotation;> (0x00000000d6546530) thrown at [D:\src\AOSP-openjdk-cygwin\jdk8u\hotspot\src\share\vm\interpreter\linkResolver.cpp, line
Event: 1.926 Thread 0x0000000002bf9800 Exception <a 'java/lang/NoSuchMethodError': java.lang.Object.lambda$static$0(I)[Lorg/jetbrains/kotlin/com/intellij/psi/PsiElement;> (0x00000000d6a46320) thrown at [D:\src\AOSP-openjdk-cygwin\jdk8u\hotspot\src\share\vm\interpreter\linkResolver.cpp, line 62
Event: 2.976 Thread 0x0000000002bf9800 Exception <a 'java/lang/ArrayIndexOutOfBoundsException': 126> (0x00000000d680d958) thrown at [D:\src\AOSP-openjdk-cygwin\jdk8u\hotspot\src\share\vm\interpreter\interpreterRuntime.cpp, line 368]
Event: 2.977 Thread 0x0000000002bf9800 Exception <a 'java/lang/ArrayIndexOutOfBoundsException': 86> (0x00000000d680ede0) thrown at [D:\src\AOSP-openjdk-cygwin\jdk8u\hotspot\src\share\vm\interpreter\interpreterRuntime.cpp, line 368]
Event: 3.773 Thread 0x0000000002bf9800 Exception <a 'java/lang/NoSuchMethodError': java.lang.Object.lambda$static$0(I)[Lorg/jetbrains/kotlin/psi/KtExpression;> (0x00000000d5e22398) thrown at [D:\src\AOSP-openjdk-cygwin\jdk8u\hotspot\src\share\vm\interpreter\linkResolver.cpp, line 620]
Event: 3.812 Thread 0x0000000002bf9800 Implicit null exception at 0x000000000344b03d to 0x000000000344b1fd
Event: 3.826 Thread 0x0000000002bf9800 Implicit null exception at 0x000000000347a910 to 0x000000000347a9d9

Events (10 events):
Event: 3.973 loading class org/jetbrains/kotlin/resolve/lazy/data/KtClassInfoUtil done
Event: 3.974 loading class org/jetbrains/kotlin/resolve/lazy/data/KtClassOrObjectInfo
Event: 3.974 loading class org/jetbrains/kotlin/resolve/lazy/data/KtClassOrObjectInfo done
Event: 3.974 loading class org/jetbrains/kotlin/resolve/lazy/data/KtClassInfo
Event: 3.974 loading class org/jetbrains/kotlin/resolve/lazy/data/KtClassInfo done
Event: 3.974 loading class org/jetbrains/kotlin/resolve/lazy/data/KtObjectInfo
Event: 3.974 loading class org/jetbrains/kotlin/resolve/lazy/data/KtObjectInfo done
Event: 3.976 loading class java/util/ArrayList$ListItr
Event: 3.976 loading class java/util/ArrayList$ListItr done
Event: 3.976 Executing VM operation: Deoptimize


Dynamic libraries:
0x00007ff7001d0000 - 0x00007ff700201000 	C:\Program Files\Android\Android Studio\jre\jre\bin\java.exe
0x00007ff859f40000 - 0x00007ff85a130000 	C:\WINDOWS\SYSTEM32\ntdll.dll
0x00007ff853660000 - 0x00007ff853673000 	C:\Program Files\AVAST Software\Avast\aswhook.dll
0x00007ff859410000 - 0x00007ff8594c2000 	C:\WINDOWS\System32\KERNEL32.DLL
0x00007ff8571b0000 - 0x00007ff857453000 	C:\WINDOWS\System32\KERNELBASE.dll
0x00007ff8580c0000 - 0x00007ff858163000 	C:\WINDOWS\System32\ADVAPI32.dll
0x00007ff858ed0000 - 0x00007ff858f6e000 	C:\WINDOWS\System32\msvcrt.dll
0x00007ff857ff0000 - 0x00007ff858087000 	C:\WINDOWS\System32\sechost.dll
0x00007ff859c20000 - 0x00007ff859d40000 	C:\WINDOWS\System32\RPCRT4.dll
0x00007ff859160000 - 0x00007ff8592f4000 	C:\WINDOWS\System32\USER32.dll
0x00007ff857be0000 - 0x00007ff857c01000 	C:\WINDOWS\System32\win32u.dll
0x00007ff859e00000 - 0x00007ff859e26000 	C:\WINDOWS\System32\GDI32.dll
0x00007ff857d40000 - 0x00007ff857ed4000 	C:\WINDOWS\System32\gdi32full.dll
0x00007ff857f50000 - 0x00007ff857fee000 	C:\WINDOWS\System32\msvcp_win.dll
0x00007ff856ed0000 - 0x00007ff856fca000 	C:\WINDOWS\System32\ucrtbase.dll
0x00007ff84d0e0000 - 0x00007ff84d365000 	C:\WINDOWS\WinSxS\amd64_microsoft.windows.common-controls_6595b64144ccf1df_6.0.18362.720_none_e6beb5c51314836b\COMCTL32.dll
0x00007ff858b90000 - 0x00007ff858ec6000 	C:\WINDOWS\System32\combase.dll
0x00007ff857c10000 - 0x00007ff857c90000 	C:\WINDOWS\System32\bcryptPrimitives.dll
0x00007ff858090000 - 0x00007ff8580be000 	C:\WINDOWS\System32\IMM32.DLL
0x00000000666d0000 - 0x00000000667a2000 	C:\Program Files\Android\Android Studio\jre\jre\bin\msvcr100.dll
0x00000000669d0000 - 0x0000000067216000 	C:\Program Files\Android\Android Studio\jre\jre\bin\server\jvm.dll
0x00007ff858320000 - 0x00007ff858328000 	C:\WINDOWS\System32\PSAPI.DLL
0x00007ff847770000 - 0x00007ff847779000 	C:\WINDOWS\SYSTEM32\WSOCK32.dll
0x00007ff8590f0000 - 0x00007ff85915f000 	C:\WINDOWS\System32\WS2_32.dll
0x00007ff853ac0000 - 0x00007ff853ae4000 	C:\WINDOWS\SYSTEM32\WINMM.dll
0x00007ff84fb20000 - 0x00007ff84fb2a000 	C:\WINDOWS\SYSTEM32\VERSION.dll
0x00007ff853a90000 - 0x00007ff853abd000 	C:\WINDOWS\SYSTEM32\WINMMBASE.dll
0x00007ff857f00000 - 0x00007ff857f4a000 	C:\WINDOWS\System32\cfgmgr32.dll
0x00007ff8314b0000 - 0x00007ff8314bf000 	C:\Program Files\Android\Android Studio\jre\jre\bin\verify.dll
0x00007ff80c500000 - 0x00007ff80c529000 	C:\Program Files\Android\Android Studio\jre\jre\bin\java.dll
0x00007ff814410000 - 0x00007ff814426000 	C:\Program Files\Android\Android Studio\jre\jre\bin\zip.dll
0x00007ff8594d0000 - 0x00007ff859bb5000 	C:\WINDOWS\System32\SHELL32.dll
0x00007ff859d40000 - 0x00007ff859de9000 	C:\WINDOWS\System32\shcore.dll
0x00007ff857460000 - 0x00007ff857be0000 	C:\WINDOWS\System32\windows.storage.dll
0x00007ff856e30000 - 0x00007ff856e53000 	C:\WINDOWS\System32\profapi.dll
0x00007ff856e60000 - 0x00007ff856eaa000 	C:\WINDOWS\System32\powrprof.dll
0x00007ff856e00000 - 0x00007ff856e10000 	C:\WINDOWS\System32\UMPDC.dll
0x00007ff859e30000 - 0x00007ff859e82000 	C:\WINDOWS\System32\shlwapi.dll
0x00007ff856e10000 - 0x00007ff856e21000 	C:\WINDOWS\System32\kernel.appcore.dll
0x00007ff857ee0000 - 0x00007ff857ef7000 	C:\WINDOWS\System32\cryptsp.dll
0x00007ff80c4e0000 - 0x00007ff80c4fa000 	C:\Program Files\Android\Android Studio\jre\jre\bin\net.dll
0x00007ff849f80000 - 0x00007ff84a155000 	C:\WINDOWS\SYSTEM32\urlmon.dll
0x00007ff84a3c0000 - 0x00007ff84a666000 	C:\WINDOWS\SYSTEM32\iertutil.dll
0x00007ff856840000 - 0x00007ff85684c000 	C:\WINDOWS\SYSTEM32\CRYPTBASE.DLL
0x00007ff856670000 - 0x00007ff8566d7000 	C:\WINDOWS\system32\mswsock.dll
0x00007ff80c4c0000 - 0x00007ff80c4d3000 	C:\Program Files\Android\Android Studio\jre\jre\bin\nio.dll

VM Arguments:
java_command: org.jetbrains.kotlin.cli.jvm.K2JVMCompiler -Xallow-no-source-files -classpath C:\Users\Amos Mwiti\.gradle\caches\modules-2\files-2.1\org.jetbrains.kotlin\kotlin-android-extensions-runtime\1.3.50\bec16087637a7cafe54894e73d38037977cb30d2\kotlin-android-extensions-runtime-1.3.50.jar;C:\Users\Amos Mwiti\.gradle\caches\modules-2\files-2.1\org.jetbrains.kotlin\kotlin-stdlib-jdk7\1.3.50\50ad05ea1c2595fb31b800e76db464d08d599af3\kotlin-stdlib-jdk7-1.3.50.jar;C:\Users\Amos Mwiti\.gradle\caches\transforms-2\files-2.1\017f02232106f85c718c5d9c563a2a70\core-ktx-1.1.0-api.jar;C:\Users\Amos Mwiti\.gradle\caches\modules-2\files-2.1\org.jetbrains.kotlin\kotlin-stdlib\1.3.50\b529d1738c7e98bbfa36a4134039528f2ce78ebf\kotlin-stdlib-1.3.50.jar;C:\Users\Amos Mwiti\.gradle\caches\modules-2\files-2.1\org.jetbrains.kotlin\kotlin-stdlib-common\1.3.50\3d9cd3e1bc7b92e95f43d45be3bfbcf38e36ab87\kotlin-stdlib-common-1.3.50.jar;C:\Users\Amos Mwiti\.gradle\caches\modules-2\files-2.1\org.jetbrains\annotations\13.0\919f0dfe192fb4e063e7dacadee7f8bb9a2672a9\annotations-13.0.jar;C:\Users\Amos Mwiti\.gradle\caches\transforms-2\files-2.1\e47a6070e5c468e6d4106b2a8feaacb2\material-1.0.0-api.jar;C:\Users\Amos Mwiti\.gradle\caches\transforms-2\files-2.1\6021ff009a8e8a5f367159279e4156b0\lottie-3.2.2-api.jar;C:\Users\Amos Mwiti\.gradle\caches\transforms-2\files-2.1\aaeb4ac383e46bb146f322ae9032f1e8\appcompat-1.1.0-api.jar;C:\Users\Amos Mwiti\.gradle\caches\transforms-2\files-2.1\f7a91100da43f001a3426d54e29dcefb\cardview-1.0.0-api.jar;C:\Users\Amos Mwiti\.gradle\caches\transforms-2\files-2.1\1930e9597d02c13bab5859ce78fed5b0\recyclerview-1.0.0-api.jar;C:\Users\Amos Mwiti\.gradle\caches\transforms-2\files-2.1\667e6ef5b5f5365fa82d4f9856b52abf\legacy-support-v4-1.0.0-api.jar;C:\Users\Amos Mwiti\.gradle\caches\transforms-2\files-2.1\b3e58e8569ecf238c5e6156da5be967c\glide-4.10.0-api.jar;C:\Users\Amos Mwiti\.gradle\caches\transforms-2\files-2.1\52397f4a71f30dffd3659283f56c49cd\fragment-1.1.0-api.jar;C:\Use
java_class_path (initial): C:\Users\Amos Mwiti\.gradle\caches\modules-2\files-2.1\org.jetbrains.kotlin\kotlin-compiler-embeddable\1.3.50\1251c1768e5769b06c2487d6f6cf8acf6efb8960\kotlin-compiler-embeddable-1.3.50.jar;C:\Users\Amos Mwiti\.gradle\caches\modules-2\files-2.1\org.jetbrains.kotlin\kotlin-reflect\1.3.50\b499f22fd7c3e9c2e5b6c4005221fa47fc7f9a7a\kotlin-reflect-1.3.50.jar;C:\Users\Amos Mwiti\.gradle\caches\modules-2\files-2.1\org.jetbrains.kotlin\kotlin-stdlib\1.3.50\b529d1738c7e98bbfa36a4134039528f2ce78ebf\kotlin-stdlib-1.3.50.jar;C:\Users\Amos Mwiti\.gradle\caches\modules-2\files-2.1\org.jetbrains.kotlin\kotlin-script-runtime\1.3.50\59492b8dfb92522ba0ddb5dd1c4d0ef0a4fca1af\kotlin-script-runtime-1.3.50.jar;C:\Users\Amos Mwiti\.gradle\caches\modules-2\files-2.1\org.jetbrains.kotlin\kotlin-daemon-embeddable\1.3.50\5cb93bb33f4c6f833ead0beca4c831668e00cf52\kotlin-daemon-embeddable-1.3.50.jar;C:\Users\Amos Mwiti\.gradle\caches\modules-2\files-2.1\org.jetbrains.intellij.deps\trove4j\1.0.20181211\216c2e14b070f334479d800987affe4054cd563f\trove4j-1.0.20181211.jar;C:\Users\Amos Mwiti\.gradle\caches\modules-2\files-2.1\org.jetbrains.kotlin\kotlin-stdlib-common\1.3.50\3d9cd3e1bc7b92e95f43d45be3bfbcf38e36ab87\kotlin-stdlib-common-1.3.50.jar;C:\Users\Amos Mwiti\.gradle\caches\modules-2\files-2.1\org.jetbrains\annotations\13.0\919f0dfe192fb4e063e7dacadee7f8bb9a2672a9\annotations-13.0.jar;C:\Program Files\Android\Android Studio\jre\lib\tools.jar
Launcher Type: SUN_STANDARD

Environment Variables:
PATH=C:\Program Files\Python38\Scripts\;C:\Program Files\Python38\;C:\Program Files\Python\Scripts\;C:\Program Files\Python\;C:\Program Files (x86)\Python\Scripts\;C:\Program Files (x86)\Python\;C:\Program Files (x86)\Common Files\Oracle\Java\javapath;C:\WINDOWS\system32;C:\WINDOWS;C:\WINDOWS\System32\Wbem;C:\WINDOWS\System32\WindowsPowerShell\v1.0\;C:\WINDOWS\System32\OpenSSH\;C:\Program Files (x86)\Java\jre1.8.0_221;C:\Program Files\Java\jdk-12.0.2\bin;C:\xampp\php;C:\Users\Amos Mwiti\AppData\Local\Microsoft\WindowsApps;C:\Users\Amos Mwiti\AppData\Local\Programs\Microsoft VS Code\bin;C:\FlutterDev\flutter\bin;
USERNAME=Amos Mwiti
OS=Windows_NT
PROCESSOR_IDENTIFIER=Intel64 Family 6 Model 42 Stepping 7, GenuineIntel



---------------  S Y S T E M  ---------------

OS: Windows 10.0 , 64 bit Build 18362 (10.0.18362.329)

CPU:total 8 (initial active 8) (4 cores per cpu, 2 threads per core) family 6 model 42 stepping 7, cmov, cx8, fxsr, mmx, sse, sse2, sse3, ssse3, sse4.1, sse4.2, popcnt, avx, aes, clmul, ht, tsc, tscinvbit

Memory: 4k page, physical 8300716k(724580k free), swap 12210348k(5648k free)

vm_info: OpenJDK 64-Bit Server VM (25.212-b04) for windows-amd64 JRE (1.8.0_212-release-1586-b04), built by "builder" with MS VC++ 10.0 (VS2010)

time: Wed Jun 03 21:31:04 2020
timezone: Pacific Daylight Time
elapsed time: 3 seconds (0d 0h 0m 3s)

