#
# There is insufficient memory for the Java Runtime Environment to continue.
# Native memory allocation (malloc) failed to allocate 624816 bytes for Chunk::new
# Possible reasons:
#   The system is out of physical RAM or swap space
#   The process is running with CompressedOops enabled, and the Java Heap may be blocking the growth of the native heap
# Possible solutions:
#   Reduce memory load on the system
#   Increase physical memory or swap space
#   Check if swap backing store is full
#   Decrease Java heap size (-Xmx/-Xms)
#   Decrease number of Java threads
#   Decrease Java thread stack sizes (-Xss)
#   Set larger code cache with -XX:ReservedCodeCacheSize=
#   JVM is running with Unscaled Compressed Oops mode in which the Java heap is
#     placed in the first 4GB address space. The Java Heap base address is the
#     maximum limit for the native heap growth. Please use -XX:HeapBaseMinAddress
#     to set the Java Heap base and to place the Java Heap above 4GB virtual address.
# This output file may be truncated or incomplete.
#
#  Out of Memory Error (allocation.cpp:389), pid=14636, tid=0x00000000000006a0
#
# JRE version: OpenJDK Runtime Environment (8.0_242-b01) (build 1.8.0_242-release-1644-b01)
# Java VM: OpenJDK 64-Bit Server VM (25.242-b01 mixed mode windows-amd64 compressed oops)
# Failed to write core dump. Minidumps are not enabled by default on client versions of Windows
#

---------------  T H R E A D  ---------------

Current thread (0x0000000018f26000):  JavaThread "C2 CompilerThread0" daemon [_thread_in_native, id=1696, stack(0x00000000197f0000,0x00000000198f0000)]

Stack: [0x00000000197f0000,0x00000000198f0000]
[error occurred during error reporting (printing stack bounds), id 0xc0000005]

Native frames: (J=compiled Java code, j=interpreted, Vv=VM code, C=native code)


Current CompileTask:
C2:8895804 14203   !   4       java.nio.file.FileTreeWalker::next (144 bytes)


---------------  P R O C E S S  ---------------

Java Threads: ( => current thread )
  0x000000001f0eb800 JavaThread "Execution worker for ':' Thread 7" [_thread_in_native, id=14920, stack(0x00000000294e0000,0x00000000295e0000)]
  0x000000001f0ee800 JavaThread "Execution worker for ':' Thread 6" [_thread_in_native, id=4764, stack(0x00000000293e0000,0x00000000294e0000)]
  0x000000001f0e1800 JavaThread "Execution worker for ':' Thread 5" [_thread_in_vm, id=6780, stack(0x0000000027fd0000,0x00000000280d0000)]
  0x000000001f0e8800 JavaThread "Execution worker for ':' Thread 4" [_thread_in_vm, id=14808, stack(0x0000000027ed0000,0x0000000027fd0000)]
  0x000000001f0e1000 JavaThread "Execution worker for ':' Thread 3" [_thread_in_vm, id=3912, stack(0x0000000027dd0000,0x0000000027ed0000)]
  0x000000001f0e7800 JavaThread "Execution worker for ':' Thread 2" [_thread_in_native, id=14700, stack(0x0000000027cd0000,0x0000000027dd0000)]
  0x000000001f0e7000 JavaThread "Execution worker for ':'" [_thread_in_Java, id=13668, stack(0x000000001d710000,0x000000001d810000)]
  0x000000001f0e4000 JavaThread "Cache worker for file content cache (C:\Users\Amos Mwiti\Desktop\Projects 2020\Mobile Apps\Entertainment Apps\MoviePedia\.gradle\5.4.1\fileContent)" [_thread_blocked, id=796, stack(0x00000000279d0000,0x0000000027ad0000)]
  0x000000001f0e0000 JavaThread "Cache worker for file content cache (C:\Users\Amos Mwiti\.gradle\caches\5.4.1\fileContent)" [_thread_blocked, id=12248, stack(0x00000000262b0000,0x00000000263b0000)]
  0x000000001f0e3000 JavaThread "Cache worker for Build Output Cleanup Cache (C:\Users\Amos Mwiti\Desktop\Projects 2020\Mobile Apps\Entertainment Apps\MoviePedia\.gradle\buildOutputCleanup)" [_thread_blocked, id=8820, stack(0x0000000025db0000,0x0000000025eb0000)]
  0x000000001f0e2800 JavaThread "Build operations Thread 8" [_thread_blocked, id=12252, stack(0x00000000244d0000,0x00000000245d0000)]
  0x000000001f0e6000 JavaThread "Build operations Thread 7" [_thread_blocked, id=3756, stack(0x0000000023dd0000,0x0000000023ed0000)]
  0x000000001f0e4800 JavaThread "Build operations Thread 6" [_thread_blocked, id=12412, stack(0x0000000023cd0000,0x0000000023dd0000)]
  0x000000001b790000 JavaThread "Build operations Thread 5" [_thread_blocked, id=13264, stack(0x0000000023bd0000,0x0000000023cd0000)]
  0x000000001b78c000 JavaThread "Build operations Thread 4" [_thread_blocked, id=11824, stack(0x0000000023ad0000,0x0000000023bd0000)]
  0x000000001b78f000 JavaThread "Build operations Thread 3" [_thread_blocked, id=13592, stack(0x00000000227c0000,0x00000000228c0000)]
  0x000000001b78a800 JavaThread "Build operations Thread 2" [_thread_blocked, id=12572, stack(0x0000000022410000,0x0000000022510000)]
  0x000000001af56000 JavaThread "Build operations" [_thread_blocked, id=9220, stack(0x0000000022310000,0x0000000022410000)]
  0x000000001af5a800 JavaThread "Cache worker for cache directory md-rule (C:\Users\Amos Mwiti\.gradle\caches\5.4.1\md-rule)" [_thread_blocked, id=15080, stack(0x0000000022210000,0x0000000022310000)]
  0x000000001af59800 JavaThread "Cache worker for cache directory md-supplier (C:\Users\Amos Mwiti\.gradle\caches\5.4.1\md-supplier)" [_thread_blocked, id=13840, stack(0x0000000020350000,0x0000000020450000)]
  0x000000001af55000 JavaThread "Cache worker for file hash cache (C:\Users\Amos Mwiti\Desktop\Projects 2020\Mobile Apps\Entertainment Apps\MoviePedia\.gradle\5.4.1\fileHashes)" [_thread_blocked, id=10372, stack(0x000000001ffb0000,0x00000000200b0000)]
  0x000000001af54800 JavaThread "Thread-32" [_thread_blocked, id=6696, stack(0x000000001fcb0000,0x000000001fdb0000)]
  0x000000001af4d000 JavaThread "Asynchronous log dispatcher for DefaultDaemonConnection: socket connection from /127.0.0.1:55154 to /127.0.0.1:60290" [_thread_blocked, id=12564, stack(0x000000001d410000,0x000000001d510000)]
  0x000000001af53000 JavaThread "Daemon worker Thread 2" [_thread_in_native, id=14672, stack(0x000000001d310000,0x000000001d410000)]
  0x000000001af52000 JavaThread "Cancel handler" [_thread_blocked, id=3036, stack(0x000000001d010000,0x000000001d110000)]
  0x000000001af51800 JavaThread "Handler for socket connection from /127.0.0.1:55154 to /127.0.0.1:60290" [_thread_in_native, id=9688, stack(0x000000001cf10000,0x000000001d010000)]
  0x000000001af53800 JavaThread "Daemon Thread 2" [_thread_blocked, id=5848, stack(0x0000000001760000,0x0000000001860000)]
  0x000000001af56800 JavaThread "Memory manager" [_thread_blocked, id=8016, stack(0x00000000247d0000,0x00000000248d0000)]
  0x000000001b790800 JavaThread "Cache worker for execution history cache (C:\Users\Amos Mwiti\.gradle\caches\5.4.1\executionHistory)" [_thread_blocked, id=13688, stack(0x0000000021b10000,0x0000000021c10000)]
  0x000000001b78b800 JavaThread "Cache worker for journal cache (C:\Users\Amos Mwiti\.gradle\caches\journal-1)" [_thread_in_native, id=11764, stack(0x000000001da10000,0x000000001db10000)]
  0x000000001b78a000 JavaThread "File lock request listener" [_thread_in_native, id=12368, stack(0x000000001d910000,0x000000001da10000)]
  0x000000001aece000 JavaThread "Cache worker for file hash cache (C:\Users\Amos Mwiti\.gradle\caches\5.4.1\fileHashes)" [_thread_blocked, id=11348, stack(0x000000001d810000,0x000000001d910000)]
  0x000000001b627000 JavaThread "Daemon periodic checks" [_thread_blocked, id=12744, stack(0x000000001ce10000,0x000000001cf10000)]
  0x000000001b625800 JavaThread "Incoming local TCP Connector on port 55154" [_thread_in_native, id=13200, stack(0x000000001cbd0000,0x000000001ccd0000)]
  0x000000001abe4000 JavaThread "Daemon health stats" [_thread_blocked, id=13572, stack(0x000000001c590000,0x000000001c690000)]
  0x0000000018f91800 JavaThread "Service Thread" daemon [_thread_blocked, id=6304, stack(0x0000000019bf0000,0x0000000019cf0000)]
  0x0000000018f3a800 JavaThread "C1 CompilerThread3" daemon [_thread_blocked, id=13940, stack(0x0000000019af0000,0x0000000019bf0000)]
  0x0000000018f37800 JavaThread "C2 CompilerThread2" daemon [_thread_blocked, id=13068, stack(0x00000000199f0000,0x0000000019af0000)]
  0x000000001712e800 JavaThread "C2 CompilerThread1" daemon [_thread_blocked, id=13052, stack(0x00000000198f0000,0x00000000199f0000)]
=>0x0000000018f26000 JavaThread "C2 CompilerThread0" daemon [_thread_in_native, id=1696, stack(0x00000000197f0000,0x00000000198f0000)]
  0x0000000018f25000 JavaThread "Attach Listener" daemon [_thread_blocked, id=13588, stack(0x00000000196f0000,0x00000000197f0000)]
  0x0000000018f24000 JavaThread "Signal Dispatcher" daemon [_thread_blocked, id=14544, stack(0x00000000195f0000,0x00000000196f0000)]
  0x000000000335e000 JavaThread "Finalizer" daemon [_thread_blocked, id=12284, stack(0x00000000193f0000,0x00000000194f0000)]
  0x0000000003357000 JavaThread "Reference Handler" daemon [_thread_blocked, id=4024, stack(0x00000000192f0000,0x00000000193f0000)]
  0x000000000191e000 JavaThread "main" [_thread_blocked, id=12892, stack(0x00000000030e0000,0x00000000031e0000)]

Other Threads:
  0x0000000017116000 VMThread [stack: 0x0000000018df0000,0x0000000018ef0000] [id=13748]
  0x0000000018f92800 WatcherThread [stack: 0x0000000019cf0000,0x0000000019df0000] [id=14332]

VM state:not at safepoint (normal execution)

VM Mutex/Monitor currently owned by a thread: None

heap address: 0x00000000a0000000, size: 1536 MB, Compressed Oops mode: 32-bit
Narrow klass base: 0x0000000000000000, Narrow klass shift: 3
Compressed class space size: 1073741824 Address: 0x0000000100000000

Heap:
 PSYoungGen      total 347648K, used 70208K [0x00000000e0000000, 0x00000000f9000000, 0x0000000100000000)
  eden space 309248K, 10% used [0x00000000e0000000,0x00000000e1f11080,0x00000000f2e00000)
  from space 38400K, 99% used [0x00000000f3a00000,0x00000000f5f7f360,0x00000000f5f80000)
  to   space 49664K, 0% used [0x00000000f5f80000,0x00000000f5f80000,0x00000000f9000000)
 ParOldGen       total 143872K, used 61389K [0x00000000a0000000, 0x00000000a8c80000, 0x00000000e0000000)
  object space 143872K, 42% used [0x00000000a0000000,0x00000000a3bf3408,0x00000000a8c80000)
 Metaspace       used 86822K, capacity 90172K, committed 90240K, reserved 1128448K
  class space    used 11113K, capacity 11838K, committed 11904K, reserved 1048576K

Card table byte_map: [0x0000000012720000,0x0000000012a30000] byte_map_base: 0x0000000012220000

Marking Bits: (ParMarkBitMap*) 0x000000006eaaf030
 Begin Bits: [0x0000000013430000, 0x0000000014c30000)
 End Bits:   [0x0000000014c30000, 0x0000000016430000)

Polling page: 0x0000000001360000

CodeCache: size=245760Kb used=39204Kb max_used=39216Kb free=206555Kb
 bounds [0x0000000003360000, 0x00000000059f0000, 0x0000000012360000]
 total_blobs=12512 nmethods=11628 adapters=796
 compilation: enabled

Compilation events (10 events):
Event: 8894.989 Thread 0x0000000018f3a800 14206       3       com.google.common.collect.AbstractMapEntry::equals (52 bytes)
Event: 8894.989 Thread 0x000000001712e800 14208       4       java.nio.Buffer::checkBounds (25 bytes)
Event: 8894.990 Thread 0x0000000018f3a800 nmethod 14206 0x00000000059d02d0 code [0x00000000059d04c0, 0x00000000059d0ff8]
Event: 8894.990 Thread 0x000000001712e800 nmethod 14208 0x000000000429d110 code [0x000000000429d240, 0x000000000429d298]
Event: 8894.990 Thread 0x0000000018f3a800 14209       3       org.gradle.internal.service.DefaultServiceRegistry$OwnServices::getService (309 bytes)
Event: 8894.996 Thread 0x0000000018f3a800 nmethod 14209 0x00000000059d5210 code [0x00000000059d5720, 0x00000000059d8b68]
Event: 8894.996 Thread 0x0000000018f3a800 14207       1       org.gradle.internal.execution.history.changes.InputFileChanges$1::accept (2 bytes)
Event: 8895.020 Thread 0x0000000018f3a800 nmethod 14207 0x00000000059cff90 code [0x00000000059d00e0, 0x00000000059d01f0]
Event: 8895.097 Thread 0x0000000018f3a800 14210       3       org.gradle.internal.logging.sink.ProgressLogEventGenerator$Operation::completeHeader (154 bytes)
Event: 8895.101 Thread 0x0000000018f3a800 nmethod 14210 0x00000000059da310 code [0x00000000059da6c0, 0x00000000059dc928]

GC Heap History (10 events):
Event: 98.939 GC heap before
{Heap before GC invocations=16 (full 3):
 PSYoungGen      total 247296K, used 246440K [0x00000000e0000000, 0x00000000f1000000, 0x0000000100000000)
  eden space 228352K, 100% used [0x00000000e0000000,0x00000000edf00000,0x00000000edf00000)
  from space 18944K, 95% used [0x00000000efd80000,0x00000000f0f2a178,0x00000000f1000000)
  to   space 25088K, 0% used [0x00000000edf00000,0x00000000edf00000,0x00000000ef780000)
 ParOldGen       total 143872K, used 35415K [0x00000000a0000000, 0x00000000a8c80000, 0x00000000e0000000)
  object space 143872K, 24% used [0x00000000a0000000,0x00000000a2295d70,0x00000000a8c80000)
 Metaspace       used 73728K, capacity 76088K, committed 76416K, reserved 1116160K
  class space    used 9796K, capacity 10259K, committed 10368K, reserved 1048576K
Event: 98.955 GC heap after
Heap after GC invocations=16 (full 3):
 PSYoungGen      total 253440K, used 18049K [0x00000000e0000000, 0x00000000f4a00000, 0x0000000100000000)
  eden space 228352K, 0% used [0x00000000e0000000,0x00000000e0000000,0x00000000edf00000)
  from space 25088K, 71% used [0x00000000edf00000,0x00000000ef0a05f0,0x00000000ef780000)
  to   space 26112K, 0% used [0x00000000f3080000,0x00000000f3080000,0x00000000f4a00000)
 ParOldGen       total 143872K, used 35423K [0x00000000a0000000, 0x00000000a8c80000, 0x00000000e0000000)
  object space 143872K, 24% used [0x00000000a0000000,0x00000000a2297d70,0x00000000a8c80000)
 Metaspace       used 73728K, capacity 76088K, committed 76416K, reserved 1116160K
  class space    used 9796K, capacity 10259K, committed 10368K, reserved 1048576K
}
Event: 114.429 GC heap before
{Heap before GC invocations=17 (full 3):
 PSYoungGen      total 253440K, used 246401K [0x00000000e0000000, 0x00000000f4a00000, 0x0000000100000000)
  eden space 228352K, 100% used [0x00000000e0000000,0x00000000edf00000,0x00000000edf00000)
  from space 25088K, 71% used [0x00000000edf00000,0x00000000ef0a05f0,0x00000000ef780000)
  to   space 26112K, 0% used [0x00000000f3080000,0x00000000f3080000,0x00000000f4a00000)
 ParOldGen       total 143872K, used 35423K [0x00000000a0000000, 0x00000000a8c80000, 0x00000000e0000000)
  object space 143872K, 24% used [0x00000000a0000000,0x00000000a2297d70,0x00000000a8c80000)
 Metaspace       used 74562K, capacity 76878K, committed 77184K, reserved 1116160K
  class space    used 9845K, capacity 10298K, committed 10368K, reserved 1048576K
Event: 114.450 GC heap after
Heap after GC invocations=17 (full 3):
 PSYoungGen      total 298496K, used 20532K [0x00000000e0000000, 0x00000000f4500000, 0x0000000100000000)
  eden space 277504K, 0% used [0x00000000e0000000,0x00000000e0000000,0x00000000f0f00000)
  from space 20992K, 97% used [0x00000000f3080000,0x00000000f448d2b0,0x00000000f4500000)
  to   space 27648K, 0% used [0x00000000f0f00000,0x00000000f0f00000,0x00000000f2a00000)
 ParOldGen       total 143872K, used 35431K [0x00000000a0000000, 0x00000000a8c80000, 0x00000000e0000000)
  object space 143872K, 24% used [0x00000000a0000000,0x00000000a2299d70,0x00000000a8c80000)
 Metaspace       used 74562K, capacity 76878K, committed 77184K, reserved 1116160K
  class space    used 9845K, capacity 10298K, committed 10368K, reserved 1048576K
}
Event: 134.647 GC heap before
{Heap before GC invocations=18 (full 3):
 PSYoungGen      total 298496K, used 298036K [0x00000000e0000000, 0x00000000f4500000, 0x0000000100000000)
  eden space 277504K, 100% used [0x00000000e0000000,0x00000000f0f00000,0x00000000f0f00000)
  from space 20992K, 97% used [0x00000000f3080000,0x00000000f448d2b0,0x00000000f4500000)
  to   space 27648K, 0% used [0x00000000f0f00000,0x00000000f0f00000,0x00000000f2a00000)
 ParOldGen       total 143872K, used 35431K [0x00000000a0000000, 0x00000000a8c80000, 0x00000000e0000000)
  object space 143872K, 24% used [0x00000000a0000000,0x00000000a2299d70,0x00000000a8c80000)
 Metaspace       used 77773K, capacity 80490K, committed 80768K, reserved 1120256K
  class space    used 10248K, capacity 10810K, committed 10880K, reserved 1048576K
Event: 134.691 GC heap after
Heap after GC invocations=18 (full 3):
 PSYoungGen      total 305152K, used 26469K [0x00000000e0000000, 0x00000000f7d80000, 0x0000000100000000)
  eden space 277504K, 0% used [0x00000000e0000000,0x00000000e0000000,0x00000000f0f00000)
  from space 27648K, 95% used [0x00000000f0f00000,0x00000000f28d96c8,0x00000000f2a00000)
  to   space 30720K, 0% used [0x00000000f5f80000,0x00000000f5f80000,0x00000000f7d80000)
 ParOldGen       total 143872K, used 35439K [0x00000000a0000000, 0x00000000a8c80000, 0x00000000e0000000)
  object space 143872K, 24% used [0x00000000a0000000,0x00000000a229bd70,0x00000000a8c80000)
 Metaspace       used 77773K, capacity 80490K, committed 80768K, reserved 1120256K
  class space    used 10248K, capacity 10810K, committed 10880K, reserved 1048576K
}
Event: 150.139 GC heap before
{Heap before GC invocations=19 (full 3):
 PSYoungGen      total 305152K, used 303973K [0x00000000e0000000, 0x00000000f7d80000, 0x0000000100000000)
  eden space 277504K, 100% used [0x00000000e0000000,0x00000000f0f00000,0x00000000f0f00000)
  from space 27648K, 95% used [0x00000000f0f00000,0x00000000f28d96c8,0x00000000f2a00000)
  to   space 30720K, 0% used [0x00000000f5f80000,0x00000000f5f80000,0x00000000f7d80000)
 ParOldGen       total 143872K, used 35439K [0x00000000a0000000, 0x00000000a8c80000, 0x00000000e0000000)
  object space 143872K, 24% used [0x00000000a0000000,0x00000000a229bd70,0x00000000a8c80000)
 Metaspace       used 78908K, capacity 81696K, committed 81920K, reserved 1120256K
  class space    used 10348K, capacity 10893K, committed 11008K, reserved 1048576K
Event: 150.172 GC heap after
Heap after GC invocations=19 (full 3):
 PSYoungGen      total 352256K, used 30689K [0x00000000e0000000, 0x00000000f8580000, 0x0000000100000000)
  eden space 321536K, 0% used [0x00000000e0000000,0x00000000e0000000,0x00000000f3a00000)
  from space 30720K, 99% used [0x00000000f5f80000,0x00000000f7d78738,0x00000000f7d80000)
  to   space 38400K, 0% used [0x00000000f3a00000,0x00000000f3a00000,0x00000000f5f80000)
 ParOldGen       total 143872K, used 43899K [0x00000000a0000000, 0x00000000a8c80000, 0x00000000e0000000)
  object space 143872K, 30% used [0x00000000a0000000,0x00000000a2aded38,0x00000000a8c80000)
 Metaspace       used 78908K, capacity 81696K, committed 81920K, reserved 1120256K
  class space    used 10348K, capacity 10893K, committed 11008K, reserved 1048576K
}
Event: 8851.899 GC heap before
{Heap before GC invocations=20 (full 3):
 PSYoungGen      total 352256K, used 352225K [0x00000000e0000000, 0x00000000f8580000, 0x0000000100000000)
  eden space 321536K, 100% used [0x00000000e0000000,0x00000000f3a00000,0x00000000f3a00000)
  from space 30720K, 99% used [0x00000000f5f80000,0x00000000f7d78738,0x00000000f7d80000)
  to   space 38400K, 0% used [0x00000000f3a00000,0x00000000f3a00000,0x00000000f5f80000)
 ParOldGen       total 143872K, used 43899K [0x00000000a0000000, 0x00000000a8c80000, 0x00000000e0000000)
  object space 143872K, 30% used [0x00000000a0000000,0x00000000a2aded38,0x00000000a8c80000)
 Metaspace       used 86340K, capacity 89548K, committed 89856K, reserved 1128448K
  class space    used 11044K, capacity 11710K, committed 11776K, reserved 1048576K
Event: 8865.616 GC heap after
Heap after GC invocations=20 (full 3):
 PSYoungGen      total 347648K, used 38396K [0x00000000e0000000, 0x00000000f9000000, 0x0000000100000000)
  eden space 309248K, 0% used [0x00000000e0000000,0x00000000e0000000,0x00000000f2e00000)
  from space 38400K, 99% used [0x00000000f3a00000,0x00000000f5f7f360,0x00000000f5f80000)
  to   space 49664K, 0% used [0x00000000f5f80000,0x00000000f5f80000,0x00000000f9000000)
 ParOldGen       total 143872K, used 61389K [0x00000000a0000000, 0x00000000a8c80000, 0x00000000e0000000)
  object space 143872K, 42% used [0x00000000a0000000,0x00000000a3bf3408,0x00000000a8c80000)
 Metaspace       used 86340K, capacity 89548K, committed 89856K, reserved 1128448K
  class space    used 11044K, capacity 11710K, committed 11776K, reserved 1048576K
}

Deoptimization events (10 events):
Event: 8884.909 Thread 0x000000001f0e8800 Uncommon trap: reason=unstable_if action=reinterpret pc=0x0000000004e6f2b4 method=org.gradle.internal.service.DefaultServiceRegistry$SingletonService.prepare()Lorg/gradle/internal/service/Service; @ 68
Event: 8884.909 Thread 0x000000001f0ee800 Uncommon trap: reason=unstable_if action=reinterpret pc=0x0000000004e6f2b4 method=org.gradle.internal.service.DefaultServiceRegistry$SingletonService.prepare()Lorg/gradle/internal/service/Service; @ 68
Event: 8884.909 Thread 0x000000001f0eb800 Uncommon trap: reason=unstable_if action=reinterpret pc=0x0000000004e6f2b4 method=org.gradle.internal.service.DefaultServiceRegistry$SingletonService.prepare()Lorg/gradle/internal/service/Service; @ 68
Event: 8884.909 Thread 0x000000001f0e1000 Uncommon trap: reason=unstable_if action=reinterpret pc=0x0000000004e6f2b4 method=org.gradle.internal.service.DefaultServiceRegistry$SingletonService.prepare()Lorg/gradle/internal/service/Service; @ 68
Event: 8884.909 Thread 0x000000001f0e7000 Uncommon trap: reason=unstable_if action=reinterpret pc=0x0000000004e6f2b4 method=org.gradle.internal.service.DefaultServiceRegistry$SingletonService.prepare()Lorg/gradle/internal/service/Service; @ 68
Event: 8884.909 Thread 0x000000001f0e1800 Uncommon trap: reason=unstable_if action=reinterpret pc=0x0000000004e6f2b4 method=org.gradle.internal.service.DefaultServiceRegistry$SingletonService.prepare()Lorg/gradle/internal/service/Service; @ 68
Event: 8884.942 Thread 0x000000001af53000 Uncommon trap: reason=unstable_if action=reinterpret pc=0x000000000534c208 method=com.google.common.collect.MapMakerInternalMap$Segment.put(Ljava/lang/Object;ILjava/lang/Object;Z)Ljava/lang/Object; @ 92
Event: 8884.947 Thread 0x000000001f0e7000 Uncommon trap: reason=unstable_if action=reinterpret pc=0x0000000005343d7c method=com.google.common.collect.MapMakerInternalMap$Segment.put(Ljava/lang/Object;ILjava/lang/Object;Z)Ljava/lang/Object; @ 92
Event: 8888.023 Thread 0x000000001f0e1000 Uncommon trap: reason=unstable_if action=reinterpret pc=0x00000000053509c4 method=java.util.concurrent.ConcurrentLinkedQueue.offer(Ljava/lang/Object;)Z @ 40
Event: 8893.319 Thread 0x000000001b78b800 Uncommon trap: reason=unstable_if action=reinterpret pc=0x000000000547d8ac method=org.gradle.internal.time.DefaultCountdownTimer.hasExpired()Z @ 6

Classes redefined (0 events):
No events

Internal exceptions (10 events):
Event: 8790.833 Thread 0x000000001af53000 Exception <a 'java/lang/NoSuchMethodError': <clinit>> (0x00000000f0d3e9b8) thrown at [C:\src\AOSP-openjdk-git\hotspot\src\share\vm\prims\jni.cpp, line 1615]
Event: 8790.834 Thread 0x000000001af53000 Exception <a 'java/lang/NoSuchMethodError': <clinit>> (0x00000000f0d400b8) thrown at [C:\src\AOSP-openjdk-git\hotspot\src\share\vm\prims\jni.cpp, line 1615]
Event: 8790.834 Thread 0x000000001af53000 Exception <a 'java/lang/NoSuchMethodError': <clinit>> (0x00000000f0d41668) thrown at [C:\src\AOSP-openjdk-git\hotspot\src\share\vm\prims\jni.cpp, line 1615]
Event: 8790.834 Thread 0x000000001af53000 Exception <a 'java/lang/NoSuchMethodError': <clinit>> (0x00000000f0d42ab8) thrown at [C:\src\AOSP-openjdk-git\hotspot\src\share\vm\prims\jni.cpp, line 1615]
Event: 8817.949 Thread 0x000000001af53000 Implicit null exception at 0x000000000520a7a3 to 0x000000000520a8dd
Event: 8825.562 Thread 0x000000001af53000 Implicit null exception at 0x00000000055298e0 to 0x000000000552a125
Event: 8825.608 Thread 0x000000001af53000 Implicit null exception at 0x00000000053d4b23 to 0x00000000053d4e09
Event: 8866.905 Thread 0x000000000335e000 Exception <a 'java/net/SocketException': Software caused connection abort: socket write error> (0x00000000e014f7e0) thrown at [C:\src\AOSP-openjdk-git\hotspot\src\share\vm\prims\jni.cpp, line 737]
Event: 8867.100 Thread 0x000000000335e000 Exception <a 'java/net/SocketException': Software caused connection abort: socket write error> (0x00000000e01504e0) thrown at [C:\src\AOSP-openjdk-git\hotspot\src\share\vm\prims\jni.cpp, line 737]
Event: 8867.120 Thread 0x000000000335e000 Exception <a 'java/net/SocketException': Software caused connection abort: socket write error> (0x00000000e0151770) thrown at [C:\src\AOSP-openjdk-git\hotspot\src\share\vm\prims\jni.cpp, line 737]

Events (10 events):
Event: 8888.023 Thread 0x000000001f0e1000 DEOPT PACKING pc=0x00000000053509c4 sp=0x0000000027ecd830
Event: 8888.024 Thread 0x000000001f0e1000 DEOPT UNPACKING pc=0x00000000033a557b sp=0x0000000027ecd680 mode 2
Event: 8888.028 Thread 0x0000000018f3a800 flushing nmethod 0x000000000369fc90
Event: 8888.208 Thread 0x0000000018f3a800 flushing nmethod 0x00000000040e7e50
Event: 8888.208 Thread 0x0000000018f3a800 flushing nmethod 0x00000000040fd090
Event: 8888.384 Thread 0x000000001712e800 flushing nmethod 0x00000000049a1110
Event: 8889.538 Thread 0x0000000018f3a800 flushing nmethod 0x0000000005414d50
Event: 8892.530 Thread 0x000000001b78b800 Uncommon trap: trap_request=0xffffff65 fr.pc=0x000000000547d8ac
Event: 8893.319 Thread 0x000000001b78b800 DEOPT PACKING pc=0x000000000547d8ac sp=0x000000001db0f0f0
Event: 8893.319 Thread 0x000000001b78b800 DEOPT UNPACKING pc=0x00000000033a557b sp=0x000000001db0f0b8 mode 2


Dynamic libraries:
0x00007ff6d5010000 - 0x00007ff6d5041000 	C:\Program Files\Android\Android Studio\jre\bin\java.exe
0x00007ffeef300000 - 0x00007ffeef4f0000 	C:\WINDOWS\SYSTEM32\ntdll.dll
0x00007ffeee950000 - 0x00007ffeeea02000 	C:\WINDOWS\System32\KERNEL32.DLL
0x00007ffeec770000 - 0x00007ffeeca14000 	C:\WINDOWS\System32\KERNELBASE.dll
0x00007ffeee290000 - 0x00007ffeee333000 	C:\WINDOWS\System32\ADVAPI32.dll
0x00007ffeee3b0000 - 0x00007ffeee44e000 	C:\WINDOWS\System32\msvcrt.dll
0x00007ffeef0f0000 - 0x00007ffeef187000 	C:\WINDOWS\System32\sechost.dll
0x00007ffeeeae0000 - 0x00007ffeeec00000 	C:\WINDOWS\System32\RPCRT4.dll
0x00007ffeee520000 - 0x00007ffeee6b4000 	C:\WINDOWS\System32\USER32.dll
0x00007ffeed380000 - 0x00007ffeed3a1000 	C:\WINDOWS\System32\win32u.dll
0x00007ffeeec00000 - 0x00007ffeeec26000 	C:\WINDOWS\System32\GDI32.dll
0x00007ffeec280000 - 0x00007ffeec416000 	C:\WINDOWS\System32\gdi32full.dll
0x00007ffeed2e0000 - 0x00007ffeed37e000 	C:\WINDOWS\System32\msvcp_win.dll
0x00007ffeec670000 - 0x00007ffeec76a000 	C:\WINDOWS\System32\ucrtbase.dll
0x00007ffee34b0000 - 0x00007ffee3734000 	C:\WINDOWS\WinSxS\amd64_microsoft.windows.common-controls_6595b64144ccf1df_6.0.18362.959_none_e6c7bbbf130c62bb\COMCTL32.dll
0x00007ffeeeda0000 - 0x00007ffeef0d5000 	C:\WINDOWS\System32\combase.dll
0x00007ffeecab0000 - 0x00007ffeecb30000 	C:\WINDOWS\System32\bcryptPrimitives.dll
0x00007ffeedc00000 - 0x00007ffeedc2e000 	C:\WINDOWS\System32\IMM32.DLL
0x000000006e070000 - 0x000000006e142000 	C:\Program Files\Android\Android Studio\jre\jre\bin\msvcr100.dll
0x000000006e2e0000 - 0x000000006eb2b000 	C:\Program Files\Android\Android Studio\jre\jre\bin\server\jvm.dll
0x00007ffeef0e0000 - 0x00007ffeef0e8000 	C:\WINDOWS\System32\PSAPI.DLL
0x00007ffee6130000 - 0x00007ffee613a000 	C:\WINDOWS\SYSTEM32\VERSION.dll
0x00007ffee50e0000 - 0x00007ffee50e9000 	C:\WINDOWS\SYSTEM32\WSOCK32.dll
0x00007ffeea2d0000 - 0x00007ffeea2f4000 	C:\WINDOWS\SYSTEM32\WINMM.dll
0x00007ffeedd00000 - 0x00007ffeedd6f000 	C:\WINDOWS\System32\WS2_32.dll
0x00007ffeea2a0000 - 0x00007ffeea2cd000 	C:\WINDOWS\SYSTEM32\winmmbase.dll
0x00007ffeec420000 - 0x00007ffeec46a000 	C:\WINDOWS\System32\cfgmgr32.dll
0x00007ffee8800000 - 0x00007ffee880f000 	C:\Program Files\Android\Android Studio\jre\jre\bin\verify.dll
0x00007ffee87d0000 - 0x00007ffee87f9000 	C:\Program Files\Android\Android Studio\jre\jre\bin\java.dll
0x00007ffee42c0000 - 0x00007ffee42d6000 	C:\Program Files\Android\Android Studio\jre\jre\bin\zip.dll
0x00007ffeed4f0000 - 0x00007ffeedbd6000 	C:\WINDOWS\System32\SHELL32.dll
0x00007ffeef210000 - 0x00007ffeef2b9000 	C:\WINDOWS\System32\shcore.dll
0x00007ffeecb50000 - 0x00007ffeed2d2000 	C:\WINDOWS\System32\windows.storage.dll
0x00007ffeec250000 - 0x00007ffeec273000 	C:\WINDOWS\System32\profapi.dll
0x00007ffeec200000 - 0x00007ffeec24a000 	C:\WINDOWS\System32\powrprof.dll
0x00007ffeec1b0000 - 0x00007ffeec1c0000 	C:\WINDOWS\System32\UMPDC.dll
0x00007ffeee6c0000 - 0x00007ffeee712000 	C:\WINDOWS\System32\shlwapi.dll
0x00007ffeec1c0000 - 0x00007ffeec1d1000 	C:\WINDOWS\System32\kernel.appcore.dll
0x00007ffeecb30000 - 0x00007ffeecb47000 	C:\WINDOWS\System32\cryptsp.dll
0x00007ffee3210000 - 0x00007ffee322a000 	C:\Program Files\Android\Android Studio\jre\jre\bin\net.dll
0x00007ffeeb9c0000 - 0x00007ffeeba27000 	C:\WINDOWS\system32\mswsock.dll
0x00007ffedc100000 - 0x00007ffedc113000 	C:\Program Files\Android\Android Studio\jre\jre\bin\nio.dll
0x00007ffed0f60000 - 0x00007ffed0f86000 	C:\Users\Amos Mwiti\.gradle\native\29\windows-amd64\native-platform.dll
0x00007ffee6700000 - 0x00007ffee670d000 	C:\Program Files\Android\Android Studio\jre\jre\bin\management.dll
0x00007ffeeb530000 - 0x00007ffeeb563000 	C:\WINDOWS\system32\rsaenh.dll
0x00007ffeeca80000 - 0x00007ffeecaa6000 	C:\WINDOWS\System32\bcrypt.dll
0x00007ffeec0d0000 - 0x00007ffeec0f5000 	C:\WINDOWS\SYSTEM32\USERENV.dll
0x00007ffeebb90000 - 0x00007ffeebb9c000 	C:\WINDOWS\SYSTEM32\CRYPTBASE.dll
0x00007ffeeb6d0000 - 0x00007ffeeb70a000 	C:\WINDOWS\SYSTEM32\IPHLPAPI.DLL
0x00007ffeeec30000 - 0x00007ffeeec38000 	C:\WINDOWS\System32\NSI.dll
0x00007ffee50b0000 - 0x00007ffee50c6000 	C:\WINDOWS\SYSTEM32\dhcpcsvc6.DLL
0x00007ffee5090000 - 0x00007ffee50ac000 	C:\WINDOWS\SYSTEM32\dhcpcsvc.DLL
0x00007ffeeb710000 - 0x00007ffeeb7db000 	C:\WINDOWS\SYSTEM32\DNSAPI.dll
0x00007ffedc0b0000 - 0x00007ffedc0d4000 	C:\Program Files\Android\Android Studio\jre\jre\bin\sunec.dll
0x00007ffee29c0000 - 0x00007ffee29ca000 	C:\Windows\System32\rasadhlp.dll
0x00007ffee4e70000 - 0x00007ffee4ee7000 	C:\WINDOWS\System32\fwpuclnt.dll
0x00007ffee06b0000 - 0x00007ffee06bb000 	C:\Program Files\Android\Android Studio\jre\jre\bin\sunmscapi.dll
0x00007ffeec520000 - 0x00007ffeec669000 	C:\WINDOWS\System32\CRYPT32.dll
0x00007ffeec1e0000 - 0x00007ffeec1f2000 	C:\WINDOWS\System32\MSASN1.dll

VM Arguments:
jvm_args: -Xmx1536m -Dfile.encoding=windows-1252 -Duser.country=US -Duser.language=en -Duser.variant 
java_command: org.gradle.launcher.daemon.bootstrap.GradleDaemon 5.4.1
java_class_path (initial): C:\Users\Amos Mwiti\.gradle\wrapper\dists\gradle-5.4.1-all\3221gyojl5jsh0helicew7rwx\gradle-5.4.1\lib\gradle-launcher-5.4.1.jar
Launcher Type: SUN_STANDARD

Environment Variables:
PATH=C:\Program Files\Python38\Scripts\;C:\Program Files\Python38\;C:\Program Files\Python\Scripts\;C:\Program Files\Python\;C:\Program Files (x86)\Python\Scripts\;C:\Program Files (x86)\Python\;C:\Program Files (x86)\Common Files\Oracle\Java\javapath;C:\WINDOWS\system32;C:\WINDOWS;C:\WINDOWS\System32\Wbem;C:\WINDOWS\System32\WindowsPowerShell\v1.0\;C:\WINDOWS\System32\OpenSSH\;C:\Program Files (x86)\Java\jre1.8.0_221;C:\Program Files\Java\jdk-12.0.2\bin;C:\xampp\php;C:\Users\Amos Mwiti\AppData\Local\Microsoft\WindowsApps;C:\Users\Amos Mwiti\AppData\Local\Programs\Microsoft VS Code\bin;C:\FlutterDev\flutter\bin;
USERNAME=Amos Mwiti
OS=Windows_NT
PROCESSOR_IDENTIFIER=Intel64 Family 6 Model 42 Stepping 7, GenuineIntel



---------------  S Y S T E M  ---------------

OS: Windows 10.0 , 64 bit Build 18362 (10.0.18362.959)

CPU:total 8 (initial active 8) (4 cores per cpu, 2 threads per core) family 6 model 42 stepping 7, cmov, cx8, fxsr, mmx, sse, sse2, sse3, ssse3, sse4.1, sse4.2, popcnt, avx, aes, clmul, ht, tsc, tscinvbit

Memory: 4k page, physical 8300716k(496792k free), swap 12210348k(15312k free)

vm_info: OpenJDK 64-Bit Server VM (25.242-b01) for windows-amd64 JRE (1.8.0_242-release-1644-b01), built by "builder" with MS VC++ 10.0 (VS2010)

time: Mon Aug 03 11:11:16 2020
timezone: Pacific Daylight Time
elapsed time: 8895 seconds (0d 2h 28m 15s)

